<?xml version="1.0" encoding="UTF-8"?>
<!-- Generated by org.testng.reporters.JUnitXMLReporter -->
<testsuite hostname="LAPTOP-VJJTB407" ignored="0" name="Default test" tests="2" failures="0" timestamp="2022-11-12T10:18:36 EST" time="33.174" errors="0">
  <testcase name="runScenario" time="8.489" classname="io.cucumber.testng.AbstractTestNGCucumberTests"/>
  <testcase name="runScenario" time="23.967" classname="io.cucumber.testng.AbstractTestNGCucumberTests"/>
</testsuite> <!-- Default test -->
