<?xml version="1.0" encoding="UTF-8"?>
<!-- Generated by org.testng.reporters.JUnitXMLReporter -->
<testsuite hostname="LAPTOP-VJJTB407" ignored="1" name="Error Validations Test" tests="2" failures="1" timestamp="2022-11-14T22:11:31 EST" time="34.12" errors="0">
  <testcase name="LoginErrorValidation" time="1.316" classname="company.tests.ErrorValidationsTest">
    <skipped/>
  </testcase> <!-- LoginErrorValidation -->
  <testcase name="LoginErrorValidation" time="1.202" classname="company.tests.ErrorValidationsTest">
    <failure type="java.lang.AssertionError" message="expected [Incorrect email or password.] but found [Incorrect email password.]">
      <![CDATA[java.lang.AssertionError: expected [Incorrect email or password.] but found [Incorrect email password.]
at company.tests.ErrorValidationsTest.LoginErrorValidation(ErrorValidationsTest.java:30)
at java.util.ArrayList.forEach(Unknown Source)
at java.util.concurrent.FutureTask.run(Unknown Source)
at java.util.concurrent.ThreadPoolExecutor.runWorker(Unknown Source)
at java.util.concurrent.ThreadPoolExecutor$Worker.run(Unknown Source)
at java.lang.Thread.run(Unknown Source)
... Removed 24 stack frames]]>
    </failure>
  </testcase> <!-- LoginErrorValidation -->
  <testcase name="ProductValidation" time="0.0" classname="company.tests.ErrorValidationsTest">
    <ignored/>
  </testcase> <!-- ProductValidation -->
</testsuite> <!-- Error Validations Test -->
