<?xml version="1.0" encoding="UTF-8"?>
<!-- Generated by org.testng.reporters.JUnitXMLReporter -->
<testsuite hostname="LAPTOP-VJJTB407" ignored="2" tests="0" failures="0" timestamp="2022-11-14T22:10:57 EST" time="0.012" errors="0">
  <testcase name="OrderHistoryTest" time="0.0" classname="company.tests.SubmitOrderTest">
    <ignored/>
  </testcase> <!-- OrderHistoryTest -->
  <testcase name="submitOrder" time="0.0" classname="company.tests.SubmitOrderTest">
    <ignored/>
  </testcase> <!-- submitOrder -->
</testsuite>
