-------------------------------------------------------------------------------
Test set: TestSuite
-------------------------------------------------------------------------------
Tests run: 7, Failures: 1, Errors: 0, Skipped: 1, Time elapsed: 182.851 s <<< FAILURE! - in TestSuite
LoginErrorValidation(company.tests.ErrorValidationsTest)  Time elapsed: 1.302 s  <<< FAILURE!
java.lang.AssertionError: expected [Incorrect email or password.] but found [Incorrect email password.]
	at company.tests.ErrorValidationsTest.LoginErrorValidation(ErrorValidationsTest.java:30)

